
WaveMaker (rev 4.1.3) log file: 2026-01-27 14:32:48

Pulprog: C:/Bruker/TopSpin4.1.3/exp/stan/nmr/lists/pp/user/GEMSTONE_CLIPCOSY_ts3x 
Opening: D:\data\2026\cb\ga/8200-Nbenzyl-selexp/14/wvm.par

sp2(p12): 
 spnam2: dat_CSSF_a.wv (1850 steps, stepsize 10.0000 us, phi(max) = 0.00 deg)
 p12: 18.5000000 ms
 spw2: 0.0003980 W (34.00 dB), B1max = 126.6 Hz (ref: p90=12.00 us @ -10.33 dB)
 B1rms = 55.9 Hz, 0.0000776 W (41.10 dB)
 SP saved in C:/Bruker/TopSpin4.1.3/exp/stan/nmr/lists/wave/user/dat_CSSF_a.wv

sp41(p41): 
 spnam41: dat_CSSF_bb1.wv (4000 steps, stepsize 20.0000 us, phi(max) = 0.00 deg)
 p41: 80.0000000 ms
 spw41: 0.0013596 W (28.67 dB), B1max = 233.9 Hz (ref: p90=12.00 us @ -10.33 dB)
 B1rms = 220.0 Hz, 0.0012031 W (29.20 dB)
 SP saved in C:/Bruker/TopSpin4.1.3/exp/stan/nmr/lists/wave/user/dat_CSSF_bb1.wv

sp42(p42): 
 spnam42: dat_CSSF_bb2.wv (4000 steps, stepsize 20.0000 us, phi(max) = 0.00 deg)
 p42: 80.0000000 ms
 spw42: 0.0013596 W (28.67 dB), B1max = 233.9 Hz (ref: p90=12.00 us @ -10.33 dB)
 B1rms = 220.0 Hz, 0.0012031 W (29.20 dB)
 SP saved in C:/Bruker/TopSpin4.1.3/exp/stan/nmr/lists/wave/user/dat_CSSF_bb2.wv

sp29(p32): 
 spnam29: dat_ZQS1.wv (200 steps, stepsize 5.0000 us, phi(max) = 0.00 deg)
 p32: 1.0000000 ms
 spw29: 0.0435067 W (13.61 dB), B1max = 1323.1 Hz (ref: p90=12.00 us @ -10.33 dB)
 B1rms = 1241.7 Hz, 0.0383162 W (14.17 dB)
 SP saved in C:/Bruker/TopSpin4.1.3/exp/stan/nmr/lists/wave/user/dat_ZQS1.wv

sp30(p33): 
 spnam30: dat_ZQS2.wv (200 steps, stepsize 5.0000 us, phi(max) = 0.00 deg)
 p33: 1.0000000 ms
 spw30: 0.0435067 W (13.61 dB), B1max = 1323.1 Hz (ref: p90=12.00 us @ -10.33 dB)
 B1rms = 1241.7 Hz, 0.0383162 W (14.17 dB)
 SP saved in C:/Bruker/TopSpin4.1.3/exp/stan/nmr/lists/wave/user/dat_ZQS2.wv

Experiment Setup:

 spnam2 = dat_CSSF_a.wv 
 p12 = 18500.0000 us 
 spw2 = 0.000398049 W (34.00 dB, 126.56 Hz)
 spnam41 = dat_CSSF_bb1.wv 
 p41 = 80000.0000 us 
 spw41 = 0.00135958 W (28.67 dB, 233.90 Hz)
 spnam42 = dat_CSSF_bb2.wv 
 p42 = 80000.0000 us 
 spw42 = 0.00135958 W (28.67 dB, 233.90 Hz)
 spnam29 = dat_ZQS1.wv 
 p32 = 1000.0000 us 
 spw29 = 0.0435067 W (13.61 dB, 1323.14 Hz)
 spnam30 = dat_ZQS2.wv 
 p33 = 1000.0000 us 
 spw30 = 0.0435067 W (13.61 dB, 1323.14 Hz)

Wavemaker auto-setup completed

